2015-10-11 22:12:22,509 ERROR App:App main 36 - Exception {} 
java.lang.ArrayIndexOutOfBoundsException: 0
	at App.main(App.java:20)
	at sun.reflect.NativeMethodAccessorImpl.invoke0(Native Method)
	at sun.reflect.NativeMethodAccessorImpl.invoke(NativeMethodAccessorImpl.java:57)
	at sun.reflect.DelegatingMethodAccessorImpl.invoke(DelegatingMethodAccessorImpl.java:43)
	at java.lang.reflect.Method.invoke(Method.java:606)
	at com.intellij.rt.execution.application.AppMain.main(AppMain.java:140)
2015-10-11 22:13:18,934 ERROR App:App main 36 - Exception {} 
java.lang.ArrayIndexOutOfBoundsException: 0
	at App.main(App.java:20)
	at sun.reflect.NativeMethodAccessorImpl.invoke0(Native Method)
	at sun.reflect.NativeMethodAccessorImpl.invoke(NativeMethodAccessorImpl.java:57)
	at sun.reflect.DelegatingMethodAccessorImpl.invoke(DelegatingMethodAccessorImpl.java:43)
	at java.lang.reflect.Method.invoke(Method.java:606)
	at com.intellij.rt.execution.application.AppMain.main(AppMain.java:140)
2015-10-11 22:13:57,193 ERROR App:App main 36 - Exception {} 
java.lang.ArrayIndexOutOfBoundsException: 0
	at App.main(App.java:20)
	at sun.reflect.NativeMethodAccessorImpl.invoke0(Native Method)
	at sun.reflect.NativeMethodAccessorImpl.invoke(NativeMethodAccessorImpl.java:57)
	at sun.reflect.DelegatingMethodAccessorImpl.invoke(DelegatingMethodAccessorImpl.java:43)
	at java.lang.reflect.Method.invoke(Method.java:606)
	at com.intellij.rt.execution.application.AppMain.main(AppMain.java:140)
2015-10-11 22:14:25,170 INFO  App:App main 19 - welcome 
2015-10-11 22:14:25,172 ERROR App:App main 37 - Exception {} 
java.lang.ArrayIndexOutOfBoundsException: 0
	at App.main(App.java:21)
	at sun.reflect.NativeMethodAccessorImpl.invoke0(Native Method)
	at sun.reflect.NativeMethodAccessorImpl.invoke(NativeMethodAccessorImpl.java:57)
	at sun.reflect.DelegatingMethodAccessorImpl.invoke(DelegatingMethodAccessorImpl.java:43)
	at java.lang.reflect.Method.invoke(Method.java:606)
	at com.intellij.rt.execution.application.AppMain.main(AppMain.java:140)
2015-10-11 22:15:17,966 INFO  App:App main 19 - welcome 
2015-10-11 22:15:17,968 ERROR App:App main 22 - First parameter env and second parameter city must not be null or empty 
2015-10-11 22:16:05,545 INFO  App:App main 19 - welcome 
2015-10-11 22:16:05,640 ERROR SubscriberLauncher:com.olastore.listing.consumers.scheduler.SubscriberLauncher startListening 59 - Exception {} 
java.lang.ClassCastException: java.lang.String cannot be cast to java.lang.Integer
	at com.olastore.listing.consumers.scheduler.SubscriberLauncher.startListening(SubscriberLauncher.java:35)
	at App.main(App.java:34)
	at sun.reflect.NativeMethodAccessorImpl.invoke0(Native Method)
	at sun.reflect.NativeMethodAccessorImpl.invoke(NativeMethodAccessorImpl.java:57)
	at sun.reflect.DelegatingMethodAccessorImpl.invoke(DelegatingMethodAccessorImpl.java:43)
	at java.lang.reflect.Method.invoke(Method.java:606)
	at com.intellij.rt.execution.application.AppMain.main(AppMain.java:140)
2015-10-11 22:16:51,990 INFO  App:App main 19 - welcome 
2015-10-11 22:16:52,078 ERROR SubscriberLauncher:com.olastore.listing.consumers.scheduler.SubscriberLauncher startListening 59 - Exception {} 
java.lang.NumberFormatException: For input string: "localhost"
	at java.lang.NumberFormatException.forInputString(NumberFormatException.java:65)
	at java.lang.Integer.parseInt(Integer.java:492)
	at java.lang.Integer.valueOf(Integer.java:582)
	at com.olastore.listing.consumers.scheduler.SubscriberLauncher.startListening(SubscriberLauncher.java:35)
	at App.main(App.java:34)
	at sun.reflect.NativeMethodAccessorImpl.invoke0(Native Method)
	at sun.reflect.NativeMethodAccessorImpl.invoke(NativeMethodAccessorImpl.java:57)
	at sun.reflect.DelegatingMethodAccessorImpl.invoke(DelegatingMethodAccessorImpl.java:43)
	at java.lang.reflect.Method.invoke(Method.java:606)
	at com.intellij.rt.execution.application.AppMain.main(AppMain.java:140)
2015-10-11 22:17:06,019 INFO  App:App main 19 - welcome 
2015-10-11 22:17:06,110 ERROR SubscriberLauncher:com.olastore.listing.consumers.scheduler.SubscriberLauncher startListening 59 - Exception {} 
java.lang.ClassCastException: java.lang.Integer cannot be cast to java.lang.String
	at com.olastore.listing.consumers.scheduler.SubscriberLauncher.startListening(SubscriberLauncher.java:35)
	at App.main(App.java:34)
	at sun.reflect.NativeMethodAccessorImpl.invoke0(Native Method)
	at sun.reflect.NativeMethodAccessorImpl.invoke(NativeMethodAccessorImpl.java:57)
	at sun.reflect.DelegatingMethodAccessorImpl.invoke(DelegatingMethodAccessorImpl.java:43)
	at java.lang.reflect.Method.invoke(Method.java:606)
	at com.intellij.rt.execution.application.AppMain.main(AppMain.java:140)
2015-10-11 22:17:25,122 INFO  App:App main 19 - welcome 
2015-10-11 22:17:25,317 INFO  RedisPubSub:com.olastore.listing.consumers.scheduler.UpdatesDemon$1 run 133 - Copy map is {inactive=[], online=[], productChange=[], offline=[], active=[]} 
2015-10-11 22:17:25,317 INFO  SubscriberLauncher:com.olastore.listing.consumers.scheduler.SubscriberLauncher startListening 39 - Subscribing to channel null 
2015-10-11 22:17:25,318 INFO  RedisPubSub:com.olastore.listing.consumers.scheduler.UpdatesDemon$1 run 168 - bulk doc is 
2015-10-11 22:17:25,319 ERROR SubscriberLauncher:com.olastore.listing.consumers.scheduler.SubscriberLauncher startListening 59 - Exception {} 
redis.clients.jedis.exceptions.JedisConnectionException: JedisPubSub is not subscribed to a Jedis instance.
	at redis.clients.jedis.JedisPubSub.unsubscribe(JedisPubSub.java:49)
	at com.olastore.listing.consumers.scheduler.SubscriberLauncher.startListening(SubscriberLauncher.java:53)
	at App.main(App.java:34)
	at sun.reflect.NativeMethodAccessorImpl.invoke0(Native Method)
	at sun.reflect.NativeMethodAccessorImpl.invoke(NativeMethodAccessorImpl.java:57)
	at sun.reflect.DelegatingMethodAccessorImpl.invoke(DelegatingMethodAccessorImpl.java:43)
	at java.lang.reflect.Method.invoke(Method.java:606)
	at com.intellij.rt.execution.application.AppMain.main(AppMain.java:140)
2015-10-11 22:17:25,319 ERROR SubscriberLauncher:com.olastore.listing.consumers.scheduler.SubscriberLauncher$1 run 47 - Exception happens {} 
redis.clients.jedis.exceptions.JedisDataException: value sent to redis cannot be null
	at redis.clients.util.SafeEncoder.encode(SafeEncoder.java:24)
	at redis.clients.jedis.Client.subscribe(Client.java:677)
	at redis.clients.jedis.JedisPubSub.proceed(JedisPubSub.java:100)
	at redis.clients.jedis.Jedis.subscribe(Jedis.java:2591)
	at com.olastore.listing.consumers.scheduler.SubscriberLauncher$1.run(SubscriberLauncher.java:45)
	at java.lang.Thread.run(Thread.java:745)
2015-10-11 22:17:35,319 INFO  RedisPubSub:com.olastore.listing.consumers.scheduler.UpdatesDemon$1 run 133 - Copy map is {inactive=[], online=[], productChange=[], offline=[], active=[]} 
2015-10-11 22:17:35,320 INFO  RedisPubSub:com.olastore.listing.consumers.scheduler.UpdatesDemon$1 run 168 - bulk doc is 
2015-10-11 22:17:45,316 INFO  RedisPubSub:com.olastore.listing.consumers.scheduler.UpdatesDemon$1 run 133 - Copy map is {inactive=[], online=[], productChange=[], offline=[], active=[]} 
2015-10-11 22:17:45,317 INFO  RedisPubSub:com.olastore.listing.consumers.scheduler.UpdatesDemon$1 run 168 - bulk doc is 
2015-10-11 22:17:55,316 INFO  RedisPubSub:com.olastore.listing.consumers.scheduler.UpdatesDemon$1 run 133 - Copy map is {inactive=[], online=[], productChange=[], offline=[], active=[]} 
2015-10-11 22:17:55,316 INFO  RedisPubSub:com.olastore.listing.consumers.scheduler.UpdatesDemon$1 run 168 - bulk doc is 
2015-10-11 22:18:05,320 INFO  RedisPubSub:com.olastore.listing.consumers.scheduler.UpdatesDemon$1 run 133 - Copy map is {inactive=[], online=[], productChange=[], offline=[], active=[]} 
2015-10-11 22:18:05,320 INFO  RedisPubSub:com.olastore.listing.consumers.scheduler.UpdatesDemon$1 run 168 - bulk doc is 
2015-10-11 22:18:15,316 INFO  RedisPubSub:com.olastore.listing.consumers.scheduler.UpdatesDemon$1 run 133 - Copy map is {inactive=[], online=[], productChange=[], offline=[], active=[]} 
2015-10-11 22:18:15,316 INFO  RedisPubSub:com.olastore.listing.consumers.scheduler.UpdatesDemon$1 run 168 - bulk doc is 
2015-10-11 22:18:25,318 INFO  RedisPubSub:com.olastore.listing.consumers.scheduler.UpdatesDemon$1 run 133 - Copy map is {inactive=[], online=[], productChange=[], offline=[], active=[]} 
2015-10-11 22:18:25,319 INFO  RedisPubSub:com.olastore.listing.consumers.scheduler.UpdatesDemon$1 run 168 - bulk doc is 
2015-10-11 22:18:35,319 INFO  RedisPubSub:com.olastore.listing.consumers.scheduler.UpdatesDemon$1 run 133 - Copy map is {inactive=[], online=[], productChange=[], offline=[], active=[]} 
2015-10-11 22:18:35,319 INFO  RedisPubSub:com.olastore.listing.consumers.scheduler.UpdatesDemon$1 run 168 - bulk doc is 
2015-10-11 22:18:37,337 INFO  App:App main 19 - welcome 
2015-10-11 22:18:37,506 INFO  RedisPubSub:com.olastore.listing.consumers.scheduler.UpdatesDemon$1 run 133 - Copy map is {inactive=[], online=[], productChange=[], offline=[], active=[]} 
2015-10-11 22:18:37,506 INFO  SubscriberLauncher:com.olastore.listing.consumers.scheduler.SubscriberLauncher startListening 39 - Subscribing to channel null 
2015-10-11 22:18:37,507 INFO  RedisPubSub:com.olastore.listing.consumers.scheduler.UpdatesDemon$1 run 168 - bulk doc is 
2015-10-11 22:18:37,509 ERROR SubscriberLauncher:com.olastore.listing.consumers.scheduler.SubscriberLauncher$1 run 47 - Exception happens {} 
redis.clients.jedis.exceptions.JedisDataException: value sent to redis cannot be null
	at redis.clients.util.SafeEncoder.encode(SafeEncoder.java:24)
	at redis.clients.jedis.Client.subscribe(Client.java:677)
	at redis.clients.jedis.JedisPubSub.proceed(JedisPubSub.java:100)
	at redis.clients.jedis.Jedis.subscribe(Jedis.java:2591)
	at com.olastore.listing.consumers.scheduler.SubscriberLauncher$1.run(SubscriberLauncher.java:45)
	at java.lang.Thread.run(Thread.java:745)
2015-10-11 22:18:45,319 INFO  RedisPubSub:com.olastore.listing.consumers.scheduler.UpdatesDemon$1 run 133 - Copy map is {inactive=[], online=[], productChange=[], offline=[], active=[]} 
2015-10-11 22:18:45,320 INFO  RedisPubSub:com.olastore.listing.consumers.scheduler.UpdatesDemon$1 run 168 - bulk doc is 
2015-10-11 22:18:47,508 INFO  RedisPubSub:com.olastore.listing.consumers.scheduler.UpdatesDemon$1 run 133 - Copy map is {inactive=[], online=[], productChange=[], offline=[], active=[]} 
2015-10-11 22:18:47,509 INFO  RedisPubSub:com.olastore.listing.consumers.scheduler.UpdatesDemon$1 run 168 - bulk doc is 
2015-10-11 22:18:55,317 INFO  RedisPubSub:com.olastore.listing.consumers.scheduler.UpdatesDemon$1 run 133 - Copy map is {inactive=[], online=[], productChange=[], offline=[], active=[]} 
2015-10-11 22:18:55,318 INFO  RedisPubSub:com.olastore.listing.consumers.scheduler.UpdatesDemon$1 run 168 - bulk doc is 
2015-10-11 22:18:57,507 INFO  RedisPubSub:com.olastore.listing.consumers.scheduler.UpdatesDemon$1 run 133 - Copy map is {inactive=[], online=[], productChange=[], offline=[], active=[]} 
2015-10-11 22:18:57,507 INFO  RedisPubSub:com.olastore.listing.consumers.scheduler.UpdatesDemon$1 run 168 - bulk doc is 
2015-10-11 22:19:05,320 INFO  RedisPubSub:com.olastore.listing.consumers.scheduler.UpdatesDemon$1 run 133 - Copy map is {inactive=[], online=[], productChange=[], offline=[], active=[]} 
2015-10-11 22:19:05,320 INFO  RedisPubSub:com.olastore.listing.consumers.scheduler.UpdatesDemon$1 run 168 - bulk doc is 
2015-10-11 22:19:07,506 INFO  RedisPubSub:com.olastore.listing.consumers.scheduler.UpdatesDemon$1 run 133 - Copy map is {inactive=[], online=[], productChange=[], offline=[], active=[]} 
2015-10-11 22:19:07,507 INFO  RedisPubSub:com.olastore.listing.consumers.scheduler.UpdatesDemon$1 run 168 - bulk doc is 
2015-10-11 22:19:15,320 INFO  RedisPubSub:com.olastore.listing.consumers.scheduler.UpdatesDemon$1 run 133 - Copy map is {inactive=[], online=[], productChange=[], offline=[], active=[]} 
2015-10-11 22:19:15,320 INFO  RedisPubSub:com.olastore.listing.consumers.scheduler.UpdatesDemon$1 run 168 - bulk doc is 
2015-10-11 22:19:17,509 INFO  RedisPubSub:com.olastore.listing.consumers.scheduler.UpdatesDemon$1 run 133 - Copy map is {inactive=[], online=[], productChange=[], offline=[], active=[]} 
2015-10-11 22:19:17,510 INFO  RedisPubSub:com.olastore.listing.consumers.scheduler.UpdatesDemon$1 run 168 - bulk doc is 
2015-10-11 22:19:25,320 INFO  RedisPubSub:com.olastore.listing.consumers.scheduler.UpdatesDemon$1 run 133 - Copy map is {inactive=[], online=[], productChange=[], offline=[], active=[]} 
2015-10-11 22:19:25,320 INFO  RedisPubSub:com.olastore.listing.consumers.scheduler.UpdatesDemon$1 run 168 - bulk doc is 
2015-10-11 22:19:27,509 INFO  RedisPubSub:com.olastore.listing.consumers.scheduler.UpdatesDemon$1 run 133 - Copy map is {inactive=[], online=[], productChange=[], offline=[], active=[]} 
2015-10-11 22:19:27,510 INFO  RedisPubSub:com.olastore.listing.consumers.scheduler.UpdatesDemon$1 run 168 - bulk doc is 
2015-10-11 22:19:35,319 INFO  RedisPubSub:com.olastore.listing.consumers.scheduler.UpdatesDemon$1 run 133 - Copy map is {inactive=[], online=[], productChange=[], offline=[], active=[]} 
2015-10-11 22:19:35,320 INFO  RedisPubSub:com.olastore.listing.consumers.scheduler.UpdatesDemon$1 run 168 - bulk doc is 
2015-10-11 22:19:37,505 INFO  RedisPubSub:com.olastore.listing.consumers.scheduler.UpdatesDemon$1 run 133 - Copy map is {inactive=[], online=[], productChange=[], offline=[], active=[]} 
2015-10-11 22:19:37,509 INFO  RedisPubSub:com.olastore.listing.consumers.scheduler.UpdatesDemon$1 run 168 - bulk doc is 
2015-10-11 22:19:43,088 INFO  App:App main 19 - welcome 
2015-10-11 22:19:43,269 INFO  RedisPubSub:com.olastore.listing.consumers.scheduler.UpdatesDemon$1 run 133 - Copy map is {inactive=[], online=[], productChange=[], offline=[], active=[]} 
2015-10-11 22:19:43,269 INFO  SubscriberLauncher:com.olastore.listing.consumers.scheduler.SubscriberLauncher startListening 39 - Subscribing to channel cluster_updates 
2015-10-11 22:19:43,270 INFO  RedisPubSub:com.olastore.listing.consumers.scheduler.UpdatesDemon$1 run 168 - bulk doc is 
2015-10-11 22:19:45,319 INFO  RedisPubSub:com.olastore.listing.consumers.scheduler.UpdatesDemon$1 run 133 - Copy map is {inactive=[], online=[], productChange=[], offline=[], active=[]} 
2015-10-11 22:19:45,320 INFO  RedisPubSub:com.olastore.listing.consumers.scheduler.UpdatesDemon$1 run 168 - bulk doc is 
2015-10-11 22:19:47,506 INFO  RedisPubSub:com.olastore.listing.consumers.scheduler.UpdatesDemon$1 run 133 - Copy map is {inactive=[], online=[], productChange=[], offline=[], active=[]} 
2015-10-11 22:19:47,507 INFO  RedisPubSub:com.olastore.listing.consumers.scheduler.UpdatesDemon$1 run 168 - bulk doc is 
2015-10-11 22:19:53,269 INFO  RedisPubSub:com.olastore.listing.consumers.scheduler.UpdatesDemon$1 run 133 - Copy map is {inactive=[], online=[], productChange=[], offline=[], active=[]} 
2015-10-11 22:19:53,270 INFO  RedisPubSub:com.olastore.listing.consumers.scheduler.UpdatesDemon$1 run 168 - bulk doc is 
2015-10-11 22:19:55,319 INFO  RedisPubSub:com.olastore.listing.consumers.scheduler.UpdatesDemon$1 run 133 - Copy map is {inactive=[], online=[], productChange=[], offline=[], active=[]} 
2015-10-11 22:19:55,319 INFO  RedisPubSub:com.olastore.listing.consumers.scheduler.UpdatesDemon$1 run 168 - bulk doc is 
2015-10-11 22:19:57,508 INFO  RedisPubSub:com.olastore.listing.consumers.scheduler.UpdatesDemon$1 run 133 - Copy map is {inactive=[], online=[], productChange=[], offline=[], active=[]} 
2015-10-11 22:19:57,509 INFO  RedisPubSub:com.olastore.listing.consumers.scheduler.UpdatesDemon$1 run 168 - bulk doc is 
2015-10-11 22:27:32,386 INFO  App:App main 19 - welcome 
2015-10-11 22:27:32,551 INFO  RedisPubSub:com.olastore.listing.consumers.scheduler.UpdatesDemon$1 run 133 - Copy map is {inactive=[], online=[], productChange=[], offline=[], active=[]} 
2015-10-11 22:27:32,552 INFO  SubscriberLauncher:com.olastore.listing.consumers.scheduler.SubscriberLauncher startListening 39 - Subscribing to channel cluster_updates 
2015-10-11 22:27:32,553 INFO  RedisPubSub:com.olastore.listing.consumers.scheduler.UpdatesDemon$1 run 168 - bulk doc is 
2015-10-11 22:27:40,634 ERROR ClustersSubscriber:com.olastore.listing.consumers.definitions.ClustersSubscriber onMessage 69 - Expected a ':' after a key at 12 [character 13 line 1] 
2015-10-11 22:27:42,552 INFO  RedisPubSub:com.olastore.listing.consumers.scheduler.UpdatesDemon$1 run 133 - Copy map is {inactive=[], online=[], productChange=[], offline=[], active=[]} 
2015-10-11 22:27:42,553 INFO  RedisPubSub:com.olastore.listing.consumers.scheduler.UpdatesDemon$1 run 168 - bulk doc is 
2015-10-11 22:27:52,554 INFO  RedisPubSub:com.olastore.listing.consumers.scheduler.UpdatesDemon$1 run 133 - Copy map is {inactive=[], online=[], productChange=[], offline=[], active=[]} 
2015-10-11 22:27:52,554 INFO  RedisPubSub:com.olastore.listing.consumers.scheduler.UpdatesDemon$1 run 168 - bulk doc is 
2015-10-11 22:28:02,556 INFO  RedisPubSub:com.olastore.listing.consumers.scheduler.UpdatesDemon$1 run 133 - Copy map is {inactive=[], online=[], productChange=[], offline=[], active=[]} 
2015-10-11 22:28:02,556 INFO  RedisPubSub:com.olastore.listing.consumers.scheduler.UpdatesDemon$1 run 168 - bulk doc is 
2015-10-11 22:28:12,555 INFO  RedisPubSub:com.olastore.listing.consumers.scheduler.UpdatesDemon$1 run 133 - Copy map is {inactive=[], online=[], productChange=[], offline=[], active=[]} 
2015-10-11 22:28:12,556 INFO  RedisPubSub:com.olastore.listing.consumers.scheduler.UpdatesDemon$1 run 168 - bulk doc is 
2015-10-11 22:28:22,555 INFO  RedisPubSub:com.olastore.listing.consumers.scheduler.UpdatesDemon$1 run 133 - Copy map is {inactive=[], online=[], productChange=[], offline=[], active=[]} 
2015-10-11 22:28:22,555 INFO  RedisPubSub:com.olastore.listing.consumers.scheduler.UpdatesDemon$1 run 168 - bulk doc is 
2015-10-11 22:28:32,555 INFO  RedisPubSub:com.olastore.listing.consumers.scheduler.UpdatesDemon$1 run 133 - Copy map is {inactive=[], online=[], productChange=[], offline=[], active=[]} 
2015-10-11 22:28:32,558 INFO  RedisPubSub:com.olastore.listing.consumers.scheduler.UpdatesDemon$1 run 168 - bulk doc is 
2015-10-11 22:28:42,554 INFO  RedisPubSub:com.olastore.listing.consumers.scheduler.UpdatesDemon$1 run 133 - Copy map is {inactive=[], online=[], productChange=[], offline=[], active=[]} 
2015-10-11 22:28:42,555 INFO  RedisPubSub:com.olastore.listing.consumers.scheduler.UpdatesDemon$1 run 168 - bulk doc is 
2015-10-11 22:28:52,554 INFO  RedisPubSub:com.olastore.listing.consumers.scheduler.UpdatesDemon$1 run 133 - Copy map is {inactive=[], online=[], productChange=[], offline=[], active=[]} 
2015-10-11 22:28:52,555 INFO  RedisPubSub:com.olastore.listing.consumers.scheduler.UpdatesDemon$1 run 168 - bulk doc is 
2015-10-11 22:28:56,698 INFO  App:App main 19 - welcome 
2015-10-11 22:28:56,870 INFO  RedisPubSub:com.olastore.listing.consumers.scheduler.UpdatesDemon$1 run 133 - Copy map is {inactive=[], online=[], productChange=[], offline=[], active=[]} 
2015-10-11 22:28:56,870 INFO  SubscriberLauncher:com.olastore.listing.consumers.scheduler.SubscriberLauncher startListening 39 - Subscribing to channel cluster_updates 
2015-10-11 22:28:56,872 INFO  RedisPubSub:com.olastore.listing.consumers.scheduler.UpdatesDemon$1 run 168 - bulk doc is 
2015-10-11 22:29:06,874 INFO  RedisPubSub:com.olastore.listing.consumers.scheduler.UpdatesDemon$1 run 133 - Copy map is {inactive=[], online=[], productChange=[], offline=[], active=[]} 
2015-10-11 22:29:06,874 INFO  RedisPubSub:com.olastore.listing.consumers.scheduler.UpdatesDemon$1 run 168 - bulk doc is 
2015-10-11 22:29:16,873 INFO  RedisPubSub:com.olastore.listing.consumers.scheduler.UpdatesDemon$1 run 133 - Copy map is {inactive=[], online=[], productChange=[], offline=[], active=[]} 
2015-10-11 22:29:16,873 INFO  RedisPubSub:com.olastore.listing.consumers.scheduler.UpdatesDemon$1 run 168 - bulk doc is 
2015-10-11 22:29:24,284 INFO  App:App main 19 - welcome 
2015-10-11 22:29:24,454 INFO  RedisPubSub:com.olastore.listing.consumers.scheduler.UpdatesDemon$1 run 133 - Copy map is {inactive=[], online=[], productChange=[], offline=[], active=[]} 
2015-10-11 22:29:24,454 INFO  SubscriberLauncher:com.olastore.listing.consumers.scheduler.SubscriberLauncher startListening 39 - Subscribing to channel cluster_updates 
2015-10-11 22:29:24,456 INFO  RedisPubSub:com.olastore.listing.consumers.scheduler.UpdatesDemon$1 run 168 - bulk doc is 
2015-10-11 23:52:24,494 INFO  App:App main 19 - welcome 
2015-10-11 23:52:24,665 INFO  RedisPubSub:com.olastore.listing.consumers.scheduler.UpdatesDemon$1 run 133 - Copy map is {inactive=[], online=[], productChange=[], offline=[], active=[]} 
2015-10-11 23:52:24,665 INFO  SubscriberLauncher:com.olastore.listing.consumers.scheduler.SubscriberLauncher startListening 39 - Subscribing to channel cluster_updates 
2015-10-11 23:52:24,666 INFO  RedisPubSub:com.olastore.listing.consumers.scheduler.UpdatesDemon$1 run 168 - bulk doc is 
2015-10-11 23:52:24,667 ERROR SubscriberLauncher:com.olastore.listing.consumers.scheduler.SubscriberLauncher startListening 59 - Exception {} 
redis.clients.jedis.exceptions.JedisConnectionException: JedisPubSub is not subscribed to a Jedis instance.
	at redis.clients.jedis.JedisPubSub.unsubscribe(JedisPubSub.java:49)
	at com.olastore.listing.consumers.scheduler.SubscriberLauncher.startListening(SubscriberLauncher.java:53)
	at App.main(App.java:34)
	at sun.reflect.NativeMethodAccessorImpl.invoke0(Native Method)
	at sun.reflect.NativeMethodAccessorImpl.invoke(NativeMethodAccessorImpl.java:57)
	at sun.reflect.DelegatingMethodAccessorImpl.invoke(DelegatingMethodAccessorImpl.java:43)
	at java.lang.reflect.Method.invoke(Method.java:606)
	at com.intellij.rt.execution.application.AppMain.main(AppMain.java:140)
2015-10-11 23:52:48,172 INFO  App:App main 19 - welcome 
2015-10-11 23:52:48,340 INFO  RedisPubSub:com.olastore.listing.consumers.scheduler.UpdatesDemon$1 run 133 - Copy map is {inactive=[], online=[], productChange=[], offline=[], active=[]} 
2015-10-11 23:52:48,341 INFO  SubscriberLauncher:com.olastore.listing.consumers.scheduler.SubscriberLauncher startListening 39 - Subscribing to channel cluster_updates 
2015-10-11 23:52:48,342 INFO  RedisPubSub:com.olastore.listing.consumers.scheduler.UpdatesDemon$1 run 168 - bulk doc is 
2015-10-11 23:52:48,343 ERROR SubscriberLauncher:com.olastore.listing.consumers.scheduler.SubscriberLauncher startListening 59 - Exception {} 
redis.clients.jedis.exceptions.JedisConnectionException: JedisPubSub was not subscribed to a Jedis instance.
	at redis.clients.jedis.JedisPubSub.unsubscribe(JedisPubSub.java:41)
	at com.olastore.listing.consumers.scheduler.SubscriberLauncher.startListening(SubscriberLauncher.java:53)
	at App.main(App.java:34)
	at sun.reflect.NativeMethodAccessorImpl.invoke0(Native Method)
	at sun.reflect.NativeMethodAccessorImpl.invoke(NativeMethodAccessorImpl.java:57)
	at sun.reflect.DelegatingMethodAccessorImpl.invoke(DelegatingMethodAccessorImpl.java:43)
	at java.lang.reflect.Method.invoke(Method.java:606)
	at com.intellij.rt.execution.application.AppMain.main(AppMain.java:140)
2015-10-11 23:53:46,588 INFO  App:App main 19 - welcome 
2015-10-11 23:53:46,756 INFO  RedisPubSub:com.olastore.listing.consumers.scheduler.UpdatesDemon$1 run 133 - Copy map is {inactive=[], online=[], productChange=[], offline=[], active=[]} 
2015-10-11 23:53:46,756 INFO  SubscriberLauncher:com.olastore.listing.consumers.scheduler.SubscriberLauncher startListening 39 - Subscribing to channel cluster_updates 
2015-10-11 23:53:46,757 INFO  RedisPubSub:com.olastore.listing.consumers.scheduler.UpdatesDemon$1 run 168 - bulk doc is 
